[18:54:00] [ServerMain/INFO]: [bootstrap] Running Java 21 (OpenJDK 64-Bit Server VM 21.0.5+11-Ubuntu-1ubuntu120.04; Ubuntu null) on Linux 6.5.0-1025-azure (amd64)
[18:54:00] [ServerMain/INFO]: [bootstrap] Loading Paper 1.21.3-63-master@4190ee7 (2024-11-25T18:59:19Z) for Minecraft 1.21.3
[18:54:00] [ServerMain/INFO]: [PluginInitializerManager] Initializing plugins...
[18:54:00] [ServerMain/INFO]: [PluginInitializerManager] Initialized 0 plugins
[18:54:01] [Paper Plugin Remapper Thread - 0/INFO]: [ReobfServer] Remapping server...
[18:54:06] [ServerMain/INFO]: Environment: Environment[sessionHost=https://sessionserver.mojang.com, servicesHost=https://api.minecraftservices.com, name=PROD]
[18:54:06] [ServerMain/INFO]: Found new data pack file/bukkit, loading it automatically
[18:54:06] [ServerMain/INFO]: Found new data pack paper, loading it automatically
[18:54:08] [ServerMain/INFO]: No existing world data, creating new world
[18:54:09] [ServerMain/INFO]: Loaded 1337 recipes
[18:54:09] [ServerMain/INFO]: Loaded 1448 advancements
[18:54:09] [Server thread/INFO]: Starting minecraft server version 1.21.3
[18:54:09] [Server thread/INFO]: Loading properties
[18:54:09] [Server thread/INFO]: This server is running Paper version 1.21.3-63-master@4190ee7 (2024-11-25T18:59:19Z) (Implementing API version 1.21.3-R0.1-SNAPSHOT)
[18:54:10] [Paper Plugin Remapper Thread - 0/INFO]: [ReobfServer] Done remapping server in 8487ms.
[18:54:10] [Server thread/INFO]: [spark] This server bundles the spark profiler. For more information please visit https://docs.papermc.io/paper/profiling
[18:54:10] [Server thread/INFO]: Server Ping Player Sample Count: 12
[18:54:10] [Server thread/INFO]: Using 4 threads for Netty based IO
[18:54:11] [Server thread/INFO]: [MoonriseCommon] Paper is using 1 worker threads, 1 I/O threads
[18:54:11] [Server thread/INFO]: [ChunkTaskScheduler] Chunk system is using population gen parallelism: true
[18:54:11] [Server thread/INFO]: Default game type: SURVIVAL
[18:54:11] [Server thread/INFO]: Generating keypair
[18:54:11] [Server thread/INFO]: Starting Minecraft server on *:25565
[18:54:11] [Server thread/INFO]: Using epoll channel type
[18:54:11] [Server thread/INFO]: Paper: Using libdeflate (Linux x86_64) compression from Velocity.
[18:54:11] [Server thread/INFO]: Paper: Using OpenSSL 1.1.x (Linux x86_64) cipher from Velocity.
[18:54:11] [Server thread/WARN]: **** SERVER IS RUNNING IN OFFLINE/INSECURE MODE!
[18:54:11] [Server thread/WARN]: The server will make no attempt to authenticate usernames. Beware.
[18:54:11] [Server thread/WARN]: While this makes the game possible to play without internet access, it also opens up the ability for hackers to connect with any username they choose.
[18:54:11] [Server thread/WARN]: To change this, set "online-mode" to "true" in the server.properties file.
[18:54:11] [Server thread/INFO]: Preparing level "world"
[18:54:17] [Paper Common Worker #0/INFO]: [MCTypeRegistry] Initialising converters for DataConverter...
[18:54:18] [Paper Common Worker #0/INFO]: [MCTypeRegistry] Finished initialising converters for DataConverter in 296.0ms
[18:54:21] [Server thread/INFO]: Preparing start region for dimension minecraft:overworld
[18:54:21] [Server thread/INFO]: Preparing spawn area: 2%
[18:54:22] [Server thread/INFO]: Preparing spawn area: 2%
[18:54:22] [Server thread/INFO]: Preparing spawn area: 2%
[18:54:23] [Server thread/INFO]: Preparing spawn area: 2%
[18:54:23] [Server thread/INFO]: Preparing spawn area: 18%
[18:54:24] [Server thread/INFO]: Preparing spawn area: 18%
[18:54:24] [Server thread/INFO]: Preparing spawn area: 18%
[18:54:25] [Server thread/INFO]: Preparing spawn area: 36%
[18:54:26] [Server thread/INFO]: Preparing spawn area: 36%
[18:54:26] [Server thread/INFO]: Preparing spawn area: 51%
[18:54:27] [Server thread/INFO]: Preparing spawn area: 75%
[18:54:27] [Server thread/INFO]: Preparing spawn area: 75%
[18:54:27] [Server thread/INFO]: Preparing spawn area: 75%
[18:54:28] [Server thread/INFO]: Time elapsed: 6154 ms
[18:54:28] [Server thread/INFO]: Preparing start region for dimension minecraft:the_nether
[18:54:28] [Server thread/INFO]: Preparing spawn area: 2%
[18:54:28] [Server thread/INFO]: Preparing spawn area: 2%
[18:54:29] [Server thread/INFO]: Preparing spawn area: 20%
[18:54:29] [Server thread/INFO]: Preparing spawn area: 57%
[18:54:29] [Server thread/INFO]: Time elapsed: 1851 ms
[18:54:29] [Server thread/INFO]: Preparing start region for dimension minecraft:the_end
[18:54:30] [Server thread/INFO]: Preparing spawn area: 2%
[18:54:30] [Server thread/INFO]: Time elapsed: 483 ms
[18:54:30] [Server thread/INFO]: [spark] Starting background profiler...
[18:54:30] [Server thread/INFO]: Done preparing level "world" (18.907s)
[18:54:30] [Server thread/INFO]: Running delayed init tasks
[18:54:30] [Server thread/INFO]: Done (31.105s)! For help, type "help"
[18:54:30] [Server thread/INFO]: *************************************************************************************
[18:54:30] [Server thread/INFO]: This is the first time you're starting this server.
[18:54:30] [Server thread/INFO]: It's recommended you read our 'Getting Started' documentation for guidance.
[18:54:30] [Server thread/INFO]: View this and more helpful information here: https://docs.papermc.io/paper/next-steps
[18:54:30] [Server thread/INFO]: *************************************************************************************
[18:58:50] [Server thread/INFO]: Unknown or incomplete command, see below for error
/off<--[HERE]
[18:58:54] [Server thread/INFO]: Unknown or incomplete command, see below for error
/pff<--[HERE]
[18:58:59] [Server thread/INFO]: Unknown or incomplete command, see below for error
/apagar<--[HERE]
